<?xml version="1.0" encoding="UTF-8"?>
<testsuite xmlns:xsi="http://www.w3.org/2001/XMLSchema-instance" xsi:noNamespaceSchemaLocation="https://maven.apache.org/surefire/maven-surefire-plugin/xsd/surefire-test-report.xsd" name="com.mycompany.app.NewTest" time="0.568" tests="3" errors="0" skipped="2" failures="1">
  <properties>
[...]
</properties>
  <testcase name="BeforeTest" classname="com.mycompany.app.NewTest" time="0.543">
    <failure message="unknown error: cannot find Chrome binary&#10;Build info: version: &apos;3.141.59&apos;, revision: &apos;e82be7d358&apos;, time: &apos;2018-11-14T08:17:03&apos;&#10;System info: host: &apos;JmContrStoltze&apos;, ip: &apos;127.0.1.1&apos;, os.name: &apos;Linux&apos;, os.arch: &apos;amd64&apos;, os.version: &apos;5.15.146.1-microsoft-standard-WSL2&apos;, java.version: &apos;1.8.0_402&apos;&#10;Driver info: driver.version: ChromeDriver&#10;remote stacktrace: #0 0x563bf698c4e3 &lt;unknown&gt;&#10;#1 0x563bf66bbc76 &lt;unknown&gt;&#10;#2 0x563bf66e2757 &lt;unknown&gt;&#10;#3 0x563bf66e1029 &lt;unknown&gt;&#10;#4 0x563bf671fccc &lt;unknown&gt;&#10;#5 0x563bf671f47f &lt;unknown&gt;&#10;#6 0x563bf6716de3 &lt;unknown&gt;&#10;#7 0x563bf66ec2dd &lt;unknown&gt;&#10;#8 0x563bf66ed34e &lt;unknown&gt;&#10;#9 0x563bf694c3e4 &lt;unknown&gt;&#10;#10 0x563bf69503d7 &lt;unknown&gt;&#10;#11 0x563bf695ab20 &lt;unknown&gt;&#10;#12 0x563bf6951023 &lt;unknown&gt;&#10;#13 0x563bf691f1aa &lt;unknown&gt;&#10;#14 0x563bf69756b8 &lt;unknown&gt;&#10;#15 0x563bf6975847 &lt;unknown&gt;&#10;#16 0x563bf6985243 &lt;unknown&gt;&#10;#17 0x7fc7ac773ac3 &lt;unknown&gt;&#10;" type="org.openqa.selenium.WebDriverException"><![CDATA[org.openqa.selenium.WebDriverException: 
unknown error: cannot find Chrome binary
Build info: version: '3.141.59', revision: 'e82be7d358', time: '2018-11-14T08:17:03'
System info: host: 'JmContrStoltze', ip: '127.0.1.1', os.name: 'Linux', os.arch: 'amd64', os.version: '5.15.146.1-microsoft-standard-WSL2', java.version: '1.8.0_402'
Driver info: driver.version: ChromeDriver
remote stacktrace: #0 0x563bf698c4e3 <unknown>
#1 0x563bf66bbc76 <unknown>
#2 0x563bf66e2757 <unknown>
#3 0x563bf66e1029 <unknown>
#4 0x563bf671fccc <unknown>
#5 0x563bf671f47f <unknown>
#6 0x563bf6716de3 <unknown>
#7 0x563bf66ec2dd <unknown>
#8 0x563bf66ed34e <unknown>
#9 0x563bf694c3e4 <unknown>
#10 0x563bf69503d7 <unknown>
#11 0x563bf695ab20 <unknown>
#12 0x563bf6951023 <unknown>
#13 0x563bf691f1aa <unknown>
#14 0x563bf69756b8 <unknown>
#15 0x563bf6975847 <unknown>
#16 0x563bf6985243 <unknown>
#17 0x7fc7ac773ac3 <unknown>

	at com.mycompany.app.NewTest.BeforeTest(NewTest.java:38)
]]></failure>
    <system-err><![CDATA[Starting ChromeDriver 114.0.5735.90 (386bc09e8f4f2e025eddae123f36f6263096ae49-refs/branch-heads/5735@{#1052}) on port 14246
Only local connections are allowed.
Please see https://chromedriver.chromium.org/security-considerations for suggestions on keeping ChromeDriver safe.
ChromeDriver was started successfully.
]]></system-err>
  </testcase>
  <testcase name="f" classname="com.mycompany.app.NewTest" time="0">
    <skipped/>
  </testcase>
  <testcase name="afterTest" classname="com.mycompany.app.NewTest" time="0">
    <skipped/>
  </testcase>
</testsuite>